<?xml version="1.0" encoding="UTF-8"?>
<testng-results skipped="0" failed="0" ignored="0" total="0" passed="0">
  <reporter-output>
  </reporter-output>
  <suite name="AmazonPackage.TestHomeAmazon" duration-ms="5" started-at="2019-01-10T21:32:12Z" finished-at="2019-01-10T21:32:12Z">
    <groups>
    </groups>
    <test name="Command line test" duration-ms="5" started-at="2019-01-10T21:32:12Z" finished-at="2019-01-10T21:32:12Z">
    </test> <!-- Command line test -->
  </suite> <!-- AmazonPackage.TestHomeAmazon -->
</testng-results>
